[18:24:52] [main/INFO]: ModLauncher running: args [--launchTarget, neoforgeclientdev, --version, 21.8.52, --assetIndex, asset-index, --assetsDir, /Users/otoyume/.gradle/caches/minecraft/assets, --fml.fmlVersion, 9.0.18, --fml.mcVersion, 1.21.8, --fml.neoForgeVersion, 21.8.52, --fml.neoFormVersion, 20250717.133445]
[18:24:52] [main/INFO]: JVM identified as Homebrew OpenJDK 64-Bit Server VM 21.0.8
[18:24:52] [main/INFO]: ModLauncher 9.0 starting: java version 21.0.8 by Homebrew; OS Mac OS X arch aarch64 version 15.6.1
[18:24:52] [main/INFO]: Loading ImmediateWindowProvider fmlearlywindow
[18:24:53] [main/WARN]: Failed to set window icon: [0x1000C] Cocoa: Regular windows do not have icons on macOS
[18:24:53] [main/INFO]: SpongePowered MIXIN Subsystem Version=0.8.7 Source=union:/Users/otoyume/.gradle/caches/modules-2/files-2.1/net.fabricmc/sponge-mixin/0.15.2+mixin.0.8.7/2af2f021d8e02a0220dc27a7a72b4666d66d44ca/sponge-mixin-0.15.2+mixin.0.8.7.jar%23160!/ Service=ModLauncher Env=CLIENT
[18:24:53] [main/INFO]: Found mod file "neoforge-21.8.52.jar" [locator: neoforge devenv provider ([/Users/otoyume/Documents/GitHub/Nuicraft/.gradle/repositories/ng_dummy_ng/net/neoforged/neoforge/21.8.52/neoforge-21.8.52.jar])]
[18:24:53] [main/INFO]: Found mod file "neoforge-21.8.52.jar" [locator: neoforge devenv provider ([/Users/otoyume/Documents/GitHub/Nuicraft/.gradle/repositories/ng_dummy_ng/net/neoforged/neoforge/21.8.52/neoforge-21.8.52.jar])]
[18:24:53] [main/INFO]: Found mod file "main" [locator: userdev mods and services, reader: mod manifest]
[18:24:53] [main/INFO]: Found mod file "neoforge-21.8.52.jar" [locator: userdev mods and services, reader: mod manifest]
[18:24:53] [main/INFO]: Found gamelibrary file "mixinextras-neoforge-0.5.0.jar" [locator: userdev mods and services, reader: mod manifest]
[18:24:53] [main/WARN]: Attempted to select a dependency jar for JarJar which was passed in as source: library:mixinextras.neoforge. Using Mod File: /Users/otoyume/.gradle/caches/modules-2/files-2.1/io.github.llamalad7/mixinextras-neoforge/0.5.0/d734b83ce6542bb70ea31755c1595b88992dbe65/mixinextras-neoforge-0.5.0.jar
[18:24:53] [main/INFO]: Found 1 dependencies adding them to mods collection
[18:24:53] [main/INFO]: Found library file "net.neoforged.neoforge-coremods-21.8.52.jar" [parent: neoforge-21.8.52.jar, locator: jarinjar, reader: mod manifest]
[18:24:53] [main/INFO]: 
     Mod List:
		Name Version (Mod Id)

		Minecraft 1.21.8 (minecraft)
		NeoForge 21.8.52 (neoforge)
		NuiCraft 1.21.8-0.9.0.0 (nuicraft)
[18:24:53] [fml-loadingscreen/INFO]: GL info: Apple M4 Pro GL version 4.1 Metal - 89.4, Apple
[18:24:53] [main/INFO]: Launching target 'neoforgeclientdev' with arguments [--version, 21.8.52, --assetsDir, /Users/otoyume/.gradle/caches/minecraft/assets, --assetIndex, asset-index]
[08Feb2026 18:24:54.788] [Datafixer Bootstrap/INFO] [com.mojang.datafixers.DataFixerBuilder/]: 272 Datafixer optimizations took 265 milliseconds
[08Feb2026 18:24:55.148] [pool-6-thread-1/INFO] [MixinExtras|Service/]: Initializing MixinExtras via com.llamalad7.mixinextras.service.MixinExtrasServiceImpl(version=0.5.0).
[08Feb2026 18:24:58.434] [main/WARN] [net.minecraft.commands.Commands/]: Ambiguity between arguments [teleport, location] and [teleport, destination] with inputs: [0.1 -0.5 .9, 0 0 0]
[08Feb2026 18:24:58.435] [main/WARN] [net.minecraft.commands.Commands/]: Ambiguity between arguments [teleport, location] and [teleport, targets] with inputs: [0.1 -0.5 .9, 0 0 0]
[08Feb2026 18:24:58.436] [main/WARN] [net.minecraft.commands.Commands/]: Ambiguity between arguments [teleport, destination] and [teleport, targets] with inputs: [Player, 0123, @e, dd12be42-52a9-4a91-a8a1-11c01849e498]
[08Feb2026 18:24:58.437] [main/WARN] [net.minecraft.commands.Commands/]: Ambiguity between arguments [teleport, targets] and [teleport, destination] with inputs: [Player, 0123, dd12be42-52a9-4a91-a8a1-11c01849e498]
[08Feb2026 18:24:58.438] [main/WARN] [net.minecraft.commands.Commands/]: Ambiguity between arguments [teleport, targets, location] and [teleport, targets, destination] with inputs: [0.1 -0.5 .9, 0 0 0]
[08Feb2026 18:24:58.439] [main/WARN] [net.minecraft.commands.Commands/]: Ambiguity between arguments [waypoint, modify, waypoint, color, reset] and [waypoint, modify, waypoint, color, color] with inputs: [reset]
[08Feb2026 18:24:58.471] [main/FATAL] [net.neoforged.fml.ModLoader/CORE]: Error during pre-loading phase: NeoForge dev environment client-extra jar does not have a Minecraft-Dists attribute in its manifest; this may be because you have an out-of-date gradle plugin
[08Feb2026 18:24:58.536] [Render thread/WARN] [net.minecraft.server.packs.VanillaPackResourcesBuilder/]: Assets URL 'union:/Users/otoyume/Documents/GitHub/Nuicraft/.gradle/repositories/ng_dummy_ng/net/neoforged/neoforge/21.8.52/neoforge-21.8.52.jar%23218!/assets/.mcassetsroot' uses unexpected schema
[08Feb2026 18:24:58.536] [Render thread/WARN] [net.minecraft.server.packs.VanillaPackResourcesBuilder/]: Assets URL 'union:/Users/otoyume/Documents/GitHub/Nuicraft/.gradle/repositories/ng_dummy_ng/net/neoforged/neoforge/21.8.52/neoforge-21.8.52.jar%23218!/data/.mcassetsroot' uses unexpected schema
[08Feb2026 18:24:58.549] [Render thread/INFO] [com.mojang.authlib.yggdrasil.YggdrasilAuthenticationService/]: Environment: Environment[sessionHost=https://sessionserver.mojang.com, servicesHost=https://api.minecraftservices.com, name=PROD]
[08Feb2026 18:24:58.554] [Render thread/INFO] [net.minecraft.client.Minecraft/]: Setting user: Dev
[08Feb2026 18:24:58.603] [Render thread/ERROR] [net.neoforged.fml.ModLoader/]: Cowardly refusing to send event net.neoforged.neoforge.client.event.RegisterKeyMappingsEvent to a broken mod state
[08Feb2026 18:24:58.611] [Render thread/INFO] [net.minecraft.client.Minecraft/]: Backend library: LWJGL version 3.3.3+5
[08Feb2026 18:24:58.822] [Render thread/ERROR] [net.neoforged.fml.ModLoader/]: Cowardly refusing to send event net.neoforged.neoforge.client.event.ConfigureGpuDeviceEvent to a broken mod state
[08Feb2026 18:24:58.838] [Render thread/INFO] [net.minecraft.client.Minecraft/]: Using optional rendering extensions: 
[08Feb2026 18:24:58.838] [Render thread/ERROR] [net.neoforged.fml.ModLoader/]: Cowardly refusing to send event net.neoforged.neoforge.client.event.ConfigureMainRenderTargetEvent to a broken mod state
[08Feb2026 18:24:58.889] [Render thread/ERROR] [net.neoforged.fml.ModLoader/]: Cowardly refusing to send event net.neoforged.neoforge.client.event.RegisterItemModelsEvent to a broken mod state
[08Feb2026 18:24:58.890] [Render thread/ERROR] [net.neoforged.fml.ModLoader/]: Cowardly refusing to send event net.neoforged.neoforge.client.event.RegisterSpecialModelRendererEvent to a broken mod state
[08Feb2026 18:24:58.893] [Render thread/ERROR] [net.neoforged.fml.ModLoader/]: Cowardly refusing to send event net.neoforged.neoforge.client.event.RegisterColorHandlersEvent$ItemTintSources to a broken mod state
[08Feb2026 18:24:58.904] [Render thread/ERROR] [net.neoforged.fml.ModLoader/]: Cowardly refusing to send event net.neoforged.neoforge.client.event.RegisterSelectItemModelPropertyEvent to a broken mod state
[08Feb2026 18:24:58.907] [Render thread/ERROR] [net.neoforged.fml.ModLoader/]: Cowardly refusing to send event net.neoforged.neoforge.client.event.RegisterConditionalItemModelPropertyEvent to a broken mod state
[08Feb2026 18:24:58.912] [Render thread/ERROR] [net.neoforged.fml.ModLoader/]: Cowardly refusing to send event net.neoforged.neoforge.client.event.RegisterRangeSelectItemModelPropertyEvent to a broken mod state
[08Feb2026 18:24:58.917] [Render thread/ERROR] [net.neoforged.fml.ModLoader/]: Cowardly refusing to send event net.neoforged.neoforge.client.event.RegisterSpriteSourcesEvent to a broken mod state
[08Feb2026 18:24:59.249] [Render thread/ERROR] [net.neoforged.fml.ModLoader/]: Cowardly refusing to send event net.neoforged.neoforge.client.event.sound.SoundEngineLoadEvent to a broken mod state
[08Feb2026 18:24:59.270] [Render thread/ERROR] [net.neoforged.fml.ModLoader/]: Cowardly refusing to send event net.neoforged.neoforge.client.event.RegisterColorHandlersEvent$Block to a broken mod state
[08Feb2026 18:24:59.270] [Render thread/ERROR] [net.neoforged.fml.ModLoader/]: Cowardly refusing to send event net.neoforged.neoforge.client.event.ModelEvent$RegisterLoaders to a broken mod state
[08Feb2026 18:24:59.275] [Render thread/ERROR] [net.neoforged.fml.ModLoader/]: Cowardly refusing to send event net.neoforged.neoforge.client.event.RegisterMaterialAtlasesEvent to a broken mod state
[08Feb2026 18:24:59.288] [Render thread/ERROR] [net.neoforged.fml.ModLoader/]: Cowardly refusing to send event net.neoforged.neoforge.client.event.RegisterRenderBuffersEvent to a broken mod state
[08Feb2026 18:24:59.337] [Render thread/ERROR] [net.neoforged.fml.ModLoader/]: Cowardly refusing to send event net.neoforged.neoforge.client.event.RegisterParticleProvidersEvent to a broken mod state
[08Feb2026 18:24:59.359] [Render thread/ERROR] [net.neoforged.fml.ModLoader/]: Cowardly refusing to send event net.neoforged.neoforge.client.event.RegisterPictureInPictureRenderersEvent to a broken mod state
[08Feb2026 18:24:59.415] [Render thread/ERROR] [net.neoforged.fml.ModLoader/]: Cowardly refusing to send event net.neoforged.neoforge.client.extensions.common.RegisterClientExtensionsEvent to a broken mod state
[08Feb2026 18:24:59.428] [Render thread/ERROR] [net.neoforged.fml.ModLoader/]: Cowardly refusing to send event net.neoforged.neoforge.client.event.RegisterMenuScreensEvent to a broken mod state
[08Feb2026 18:24:59.434] [Render thread/ERROR] [net.neoforged.fml.ModLoader/]: Cowardly refusing to send event net.neoforged.neoforge.client.event.RegisterJsonAnimationTypesEvent to a broken mod state
[08Feb2026 18:24:59.435] [Render thread/ERROR] [net.neoforged.fml.ModLoader/]: Cowardly refusing to send event net.neoforged.neoforge.client.event.RegisterBlockStateModels to a broken mod state
[08Feb2026 18:24:59.436] [Render thread/ERROR] [net.neoforged.fml.ModLoader/]: Cowardly refusing to send event net.neoforged.neoforge.client.event.InitializeClientRegistriesEvent to a broken mod state
[08Feb2026 18:24:59.440] [Render thread/ERROR] [net.neoforged.fml.ModLoader/]: Cowardly refusing to send event net.neoforged.neoforge.client.event.AddClientReloadListenersEvent to a broken mod state
[08Feb2026 18:24:59.441] [Render thread/ERROR] [net.neoforged.fml.ModLoader/]: Cowardly refusing to send event net.neoforged.neoforge.client.event.EntityRenderersEvent$RegisterLayerDefinitions to a broken mod state
[08Feb2026 18:24:59.442] [Render thread/ERROR] [net.neoforged.fml.ModLoader/]: Cowardly refusing to send event net.neoforged.neoforge.client.event.EntityRenderersEvent$CreateSkullModels to a broken mod state
[08Feb2026 18:24:59.442] [Render thread/ERROR] [net.neoforged.fml.ModLoader/]: Cowardly refusing to send event net.neoforged.neoforge.client.event.EntityRenderersEvent$RegisterRenderers to a broken mod state
[08Feb2026 18:24:59.442] [Render thread/ERROR] [net.neoforged.fml.ModLoader/]: Cowardly refusing to send event net.neoforged.neoforge.client.renderstate.RegisterRenderStateModifiersEvent to a broken mod state
[08Feb2026 18:24:59.442] [Render thread/ERROR] [net.neoforged.fml.ModLoader/]: Cowardly refusing to send event net.neoforged.neoforge.client.event.RegisterSpriteDefaultMetadataSectionTypesEvent to a broken mod state
[08Feb2026 18:24:59.443] [Render thread/ERROR] [net.neoforged.fml.ModLoader/]: Cowardly refusing to send event net.neoforged.neoforge.client.event.RegisterClientTooltipComponentFactoriesEvent to a broken mod state
[08Feb2026 18:24:59.443] [Render thread/ERROR] [net.neoforged.fml.ModLoader/]: Cowardly refusing to send event net.neoforged.neoforge.client.event.RegisterEntitySpectatorShadersEvent to a broken mod state
[08Feb2026 18:24:59.444] [Render thread/ERROR] [net.neoforged.fml.ModLoader/]: Cowardly refusing to send event net.neoforged.neoforge.client.event.RegisterRecipeBookSearchCategoriesEvent to a broken mod state
[08Feb2026 18:24:59.444] [Render thread/ERROR] [net.neoforged.fml.ModLoader/]: Cowardly refusing to send event net.neoforged.neoforge.client.event.RegisterGuiLayersEvent to a broken mod state
[08Feb2026 18:24:59.445] [Render thread/ERROR] [net.neoforged.fml.ModLoader/]: Cowardly refusing to send event net.neoforged.neoforge.client.event.RegisterDimensionSpecialEffectsEvent to a broken mod state
[08Feb2026 18:24:59.446] [Render thread/ERROR] [net.neoforged.fml.ModLoader/]: Cowardly refusing to send event net.neoforged.neoforge.client.event.RegisterNamedRenderTypesEvent to a broken mod state
[08Feb2026 18:24:59.447] [Render thread/ERROR] [net.neoforged.fml.ModLoader/]: Cowardly refusing to send event net.neoforged.neoforge.client.event.RegisterColorHandlersEvent$ColorResolvers to a broken mod state
[08Feb2026 18:24:59.447] [Render thread/ERROR] [net.neoforged.fml.ModLoader/]: Cowardly refusing to send event net.neoforged.neoforge.client.event.RegisterItemDecorationsEvent to a broken mod state
[08Feb2026 18:24:59.451] [Render thread/ERROR] [net.neoforged.fml.ModLoader/]: Cowardly refusing to send event net.neoforged.neoforge.client.event.RegisterPresetEditorsEvent to a broken mod state
[08Feb2026 18:24:59.452] [Render thread/ERROR] [net.neoforged.fml.ModLoader/]: Cowardly refusing to send event net.neoforged.neoforge.client.gui.map.RegisterMapDecorationRenderersEvent to a broken mod state
[08Feb2026 18:24:59.452] [Render thread/ERROR] [net.neoforged.fml.ModLoader/]: Cowardly refusing to send event net.neoforged.neoforge.client.event.RegisterDimensionTransitionScreenEvent to a broken mod state
[08Feb2026 18:24:59.452] [Render thread/ERROR] [net.neoforged.fml.ModLoader/]: Cowardly refusing to send event net.neoforged.neoforge.client.event.RegisterRenderPipelinesEvent to a broken mod state
[08Feb2026 18:24:59.453] [Render thread/ERROR] [net.neoforged.fml.ModLoader/]: Cowardly refusing to send event net.neoforged.neoforge.client.pipeline.RegisterPipelineModifiersEvent to a broken mod state
[08Feb2026 18:24:59.575] [Render thread/INFO] [net.minecraft.server.packs.resources.ReloadableResourceManager/]: Reloading ResourceManager: vanilla
[08Feb2026 18:24:59.662] [resourceLoad/INFO] [net.minecraft.client.gui.font.providers.UnihexProvider/]: Found unifont_all_no_pua-16.0.03.hex, loading
[08Feb2026 18:24:59.666] [resourceLoad/ERROR] [net.neoforged.fml.ModLoader/]: Cowardly refusing to send event net.neoforged.neoforge.client.event.ModelEvent$RegisterStandalone to a broken mod state
[08Feb2026 18:24:59.665] [resourceLoad/INFO] [net.minecraft.client.gui.font.providers.UnihexProvider/]: Found unifont_pua-16.0.03.hex, loading
[08Feb2026 18:24:59.854] [resourceLoad/ERROR] [net.neoforged.fml.ModLoader/]: Cowardly refusing to send event net.neoforged.neoforge.client.event.RegisterSpecialBlockModelRendererEvent to a broken mod state
[08Feb2026 18:24:59.871] [resourceLoad/INFO] [net.minecraft.client.gui.font.providers.UnihexProvider/]: Found unifont_jp_patch-16.0.03.hex, loading
[08Feb2026 18:25:00.733] [resourceLoad/ERROR] [net.neoforged.fml.ModLoader/]: Cowardly refusing to send event net.neoforged.neoforge.client.event.ModelEvent$ModifyBakingResult to a broken mod state
[08Feb2026 18:25:00.791] [Render thread/INFO] [com.mojang.blaze3d.opengl.GlProgram/]: Info log when linking program containing VS minecraft:core/rendertype_beacon_beam and FS minecraft:core/rendertype_beacon_beam. Log output: WARNING: Could not find vertex shader attribute 'Normal' to match BindAttributeLocation request.
WARNING: Could not find vertex shader attribute 'UV2' to match BindAttributeLocation request.

[08Feb2026 18:25:00.795] [Render thread/INFO] [com.mojang.blaze3d.opengl.GlProgram/]: Info log when linking program containing VS minecraft:core/entity and FS minecraft:core/entity. Log output: WARNING: Output of vertex shader 'overlayColor' not read by fragment shader

[08Feb2026 18:25:00.797] [Render thread/INFO] [com.mojang.blaze3d.opengl.GlProgram/]: Info log when linking program containing VS minecraft:core/terrain and FS minecraft:core/terrain. Log output: WARNING: Could not find vertex shader attribute 'Normal' to match BindAttributeLocation request.

[08Feb2026 18:25:00.805] [Render thread/INFO] [com.mojang.blaze3d.opengl.GlProgram/]: Info log when linking program containing VS minecraft:core/entity and FS minecraft:core/entity. Log output: WARNING: Could not find vertex shader attribute 'Normal' to match BindAttributeLocation request.
WARNING: Could not find vertex shader attribute 'UV2' to match BindAttributeLocation request.
WARNING: Output of vertex shader 'overlayColor' not read by fragment shader

[08Feb2026 18:25:00.809] [Render thread/INFO] [com.mojang.blaze3d.opengl.GlProgram/]: Info log when linking program containing VS minecraft:core/terrain and FS minecraft:core/terrain. Log output: WARNING: Could not find vertex shader attribute 'Normal' to match BindAttributeLocation request.

[08Feb2026 18:25:00.811] [Render thread/INFO] [com.mojang.blaze3d.opengl.GlProgram/]: Info log when linking program containing VS minecraft:core/rendertype_text_intensity_see_through and FS minecraft:core/rendertype_text_intensity_see_through. Log output: WARNING: Could not find vertex shader attribute 'UV2' to match BindAttributeLocation request.

[08Feb2026 18:25:00.814] [Render thread/INFO] [com.mojang.blaze3d.opengl.GlProgram/]: Info log when linking program containing VS minecraft:core/rendertype_item_entity_translucent_cull and FS minecraft:core/rendertype_item_entity_translucent_cull. Log output: WARNING: Output of vertex shader 'texCoord1' not read by fragment shader
WARNING: Output of vertex shader 'texCoord2' not read by fragment shader

[08Feb2026 18:25:00.819] [Render thread/INFO] [com.mojang.blaze3d.opengl.GlProgram/]: Info log when linking program containing VS minecraft:core/entity and FS minecraft:core/entity. Log output: WARNING: Could not find vertex shader attribute 'UV2' to match BindAttributeLocation request.

[08Feb2026 18:25:00.825] [Render thread/INFO] [com.mojang.blaze3d.opengl.GlProgram/]: Info log when linking program containing VS minecraft:core/entity and FS minecraft:core/entity. Log output: WARNING: Output of vertex shader 'overlayColor' not read by fragment shader

[08Feb2026 18:25:00.827] [Render thread/INFO] [com.mojang.blaze3d.opengl.GlProgram/]: Info log when linking program containing VS minecraft:core/rendertype_entity_alpha and FS minecraft:core/rendertype_entity_alpha. Log output: WARNING: Could not find vertex shader attribute 'Normal' to match BindAttributeLocation request.
WARNING: Output of vertex shader 'texCoord1' not read by fragment shader
WARNING: Output of vertex shader 'texCoord2' not read by fragment shader

[08Feb2026 18:25:00.834] [Render thread/INFO] [com.mojang.blaze3d.opengl.GlProgram/]: Info log when linking program containing VS minecraft:core/terrain and FS minecraft:core/terrain. Log output: WARNING: Could not find vertex shader attribute 'Normal' to match BindAttributeLocation request.

[08Feb2026 18:25:00.836] [Render thread/INFO] [com.mojang.blaze3d.opengl.GlProgram/]: Info log when linking program containing VS minecraft:core/terrain and FS minecraft:core/terrain. Log output: WARNING: Could not find vertex shader attribute 'Normal' to match BindAttributeLocation request.

[08Feb2026 18:25:00.840] [Render thread/INFO] [com.mojang.blaze3d.opengl.GlProgram/]: Info log when linking program containing VS minecraft:core/terrain and FS minecraft:core/terrain. Log output: WARNING: Could not find vertex shader attribute 'Normal' to match BindAttributeLocation request.

[08Feb2026 18:25:00.846] [Render thread/INFO] [com.mojang.blaze3d.opengl.GlProgram/]: Info log when linking program containing VS minecraft:core/rendertype_entity_shadow and FS minecraft:core/rendertype_entity_shadow. Log output: WARNING: Could not find vertex shader attribute 'UV1' to match BindAttributeLocation request.
WARNING: Could not find vertex shader attribute 'Normal' to match BindAttributeLocation request.
WARNING: Could not find vertex shader attribute 'UV2' to match BindAttributeLocation request.

[08Feb2026 18:25:00.846] [Render thread/INFO] [com.mojang.blaze3d.opengl.GlProgram/]: Info log when linking program containing VS minecraft:core/entity and FS minecraft:core/entity. Log output: WARNING: Output of vertex shader 'overlayColor' not read by fragment shader

[08Feb2026 18:25:00.857] [Render thread/INFO] [com.mojang.blaze3d.opengl.GlProgram/]: Info log when linking program containing VS minecraft:core/rendertype_translucent_moving_block and FS minecraft:core/rendertype_translucent_moving_block. Log output: WARNING: Could not find vertex shader attribute 'Normal' to match BindAttributeLocation request.

[08Feb2026 18:25:00.860] [Render thread/INFO] [com.mojang.blaze3d.opengl.GlProgram/]: Info log when linking program containing VS minecraft:core/rendertype_crumbling and FS minecraft:core/rendertype_crumbling. Log output: WARNING: Could not find vertex shader attribute 'Normal' to match BindAttributeLocation request.
WARNING: Output of vertex shader 'texCoord2' not read by fragment shader

[08Feb2026 18:25:00.865] [Render thread/INFO] [com.mojang.blaze3d.opengl.GlProgram/]: Info log when linking program containing VS minecraft:core/entity and FS minecraft:core/entity. Log output: WARNING: Could not find vertex shader attribute 'Normal' to match BindAttributeLocation request.
WARNING: Output of vertex shader 'overlayColor' not read by fragment shader

[08Feb2026 18:25:00.867] [Render thread/INFO] [com.mojang.blaze3d.opengl.GlProgram/]: Info log when linking program containing VS minecraft:core/entity and FS minecraft:core/entity. Log output: WARNING: Output of vertex shader 'overlayColor' not read by fragment shader

[08Feb2026 18:25:00.872] [Render thread/INFO] [com.mojang.blaze3d.opengl.GlProgram/]: Info log when linking program containing VS minecraft:core/rendertype_text_see_through and FS minecraft:core/rendertype_text_see_through. Log output: WARNING: Could not find vertex shader attribute 'UV2' to match BindAttributeLocation request.

[08Feb2026 18:25:00.873] [Render thread/INFO] [com.mojang.blaze3d.opengl.GlProgram/]: Info log when linking program containing VS minecraft:core/rendertype_beacon_beam and FS minecraft:core/rendertype_beacon_beam. Log output: WARNING: Could not find vertex shader attribute 'Normal' to match BindAttributeLocation request.
WARNING: Could not find vertex shader attribute 'UV2' to match BindAttributeLocation request.

[08Feb2026 18:25:00.875] [Render thread/INFO] [com.mojang.blaze3d.opengl.GlProgram/]: Info log when linking program containing VS minecraft:core/terrain and FS minecraft:core/terrain. Log output: WARNING: Could not find vertex shader attribute 'Normal' to match BindAttributeLocation request.

[08Feb2026 18:25:00.878] [Render thread/INFO] [com.mojang.blaze3d.opengl.GlProgram/]: Info log when linking program containing VS minecraft:core/entity and FS minecraft:core/entity. Log output: WARNING: Could not find vertex shader attribute 'Normal' to match BindAttributeLocation request.
WARNING: Could not find vertex shader attribute 'UV2' to match BindAttributeLocation request.
WARNING: Output of vertex shader 'overlayColor' not read by fragment shader

[08Feb2026 18:25:00.901] [Render thread/INFO] [com.mojang.blaze3d.opengl.GlProgram/]: Info log when linking program containing VS minecraft:core/rendertype_text_background_see_through and FS minecraft:core/rendertype_text_background_see_through. Log output: WARNING: Could not find vertex shader attribute 'UV2' to match BindAttributeLocation request.

[08Feb2026 18:25:00.946] [Render thread/INFO] [com.mojang.blaze3d.audio.Library/]: OpenAL initialized on device MacBook Pro Speakers
[08Feb2026 18:25:00.949] [Render thread/INFO] [net.minecraft.client.sounds.SoundEngine/SOUNDS]: Sound engine started
[08Feb2026 18:25:00.949] [Render thread/ERROR] [net.neoforged.fml.ModLoader/]: Cowardly refusing to send event net.neoforged.neoforge.client.event.sound.SoundEngineLoadEvent to a broken mod state
[08Feb2026 18:25:01.039] [Render thread/INFO] [net.minecraft.client.renderer.texture.TextureAtlas/]: Created: 1024x512x4 minecraft:textures/atlas/blocks.png-atlas
[08Feb2026 18:25:01.052] [Render thread/ERROR] [net.neoforged.fml.ModLoader/]: Cowardly refusing to send event net.neoforged.neoforge.client.event.TextureAtlasStitchedEvent to a broken mod state
[08Feb2026 18:25:01.052] [Render thread/INFO] [net.minecraft.client.renderer.texture.TextureAtlas/]: Created: 256x256x4 minecraft:textures/atlas/signs.png-atlas
[08Feb2026 18:25:01.052] [Render thread/ERROR] [net.neoforged.fml.ModLoader/]: Cowardly refusing to send event net.neoforged.neoforge.client.event.TextureAtlasStitchedEvent to a broken mod state
[08Feb2026 18:25:01.052] [Render thread/INFO] [net.minecraft.client.renderer.texture.TextureAtlas/]: Created: 512x512x4 minecraft:textures/atlas/shield_patterns.png-atlas
[08Feb2026 18:25:01.053] [Render thread/ERROR] [net.neoforged.fml.ModLoader/]: Cowardly refusing to send event net.neoforged.neoforge.client.event.TextureAtlasStitchedEvent to a broken mod state
[08Feb2026 18:25:01.053] [Render thread/INFO] [net.minecraft.client.renderer.texture.TextureAtlas/]: Created: 512x512x4 minecraft:textures/atlas/banner_patterns.png-atlas
[08Feb2026 18:25:01.054] [Render thread/ERROR] [net.neoforged.fml.ModLoader/]: Cowardly refusing to send event net.neoforged.neoforge.client.event.TextureAtlasStitchedEvent to a broken mod state
[08Feb2026 18:25:01.054] [Render thread/INFO] [net.minecraft.client.renderer.texture.TextureAtlas/]: Created: 2048x1024x4 minecraft:textures/atlas/armor_trims.png-atlas
[08Feb2026 18:25:01.058] [Render thread/ERROR] [net.neoforged.fml.ModLoader/]: Cowardly refusing to send event net.neoforged.neoforge.client.event.TextureAtlasStitchedEvent to a broken mod state
[08Feb2026 18:25:01.059] [Render thread/INFO] [net.minecraft.client.renderer.texture.TextureAtlas/]: Created: 256x256x4 minecraft:textures/atlas/chest.png-atlas
[08Feb2026 18:25:01.059] [Render thread/ERROR] [net.neoforged.fml.ModLoader/]: Cowardly refusing to send event net.neoforged.neoforge.client.event.TextureAtlasStitchedEvent to a broken mod state
[08Feb2026 18:25:01.059] [Render thread/INFO] [net.minecraft.client.renderer.texture.TextureAtlas/]: Created: 128x64x4 minecraft:textures/atlas/decorated_pot.png-atlas
[08Feb2026 18:25:01.059] [Render thread/ERROR] [net.neoforged.fml.ModLoader/]: Cowardly refusing to send event net.neoforged.neoforge.client.event.TextureAtlasStitchedEvent to a broken mod state
[08Feb2026 18:25:01.060] [Render thread/INFO] [net.minecraft.client.renderer.texture.TextureAtlas/]: Created: 512x256x4 minecraft:textures/atlas/beds.png-atlas
[08Feb2026 18:25:01.060] [Render thread/ERROR] [net.neoforged.fml.ModLoader/]: Cowardly refusing to send event net.neoforged.neoforge.client.event.TextureAtlasStitchedEvent to a broken mod state
[08Feb2026 18:25:01.060] [Render thread/INFO] [net.minecraft.client.renderer.texture.TextureAtlas/]: Created: 512x256x4 minecraft:textures/atlas/shulker_boxes.png-atlas
[08Feb2026 18:25:01.060] [Render thread/ERROR] [net.neoforged.fml.ModLoader/]: Cowardly refusing to send event net.neoforged.neoforge.client.event.TextureAtlasStitchedEvent to a broken mod state
[08Feb2026 18:25:01.060] [Render thread/ERROR] [net.neoforged.fml.ModLoader/]: Cowardly refusing to send event net.neoforged.neoforge.client.event.ModelEvent$BakingCompleted to a broken mod state
[08Feb2026 18:25:01.062] [Render thread/INFO] [net.minecraft.client.renderer.texture.TextureAtlas/]: Created: 64x64x0 minecraft:textures/atlas/map_decorations.png-atlas
[08Feb2026 18:25:01.062] [Render thread/ERROR] [net.neoforged.fml.ModLoader/]: Cowardly refusing to send event net.neoforged.neoforge.client.event.TextureAtlasStitchedEvent to a broken mod state
[08Feb2026 18:25:01.149] [Render thread/ERROR] [net.neoforged.fml.ModLoader/]: Cowardly refusing to send event net.neoforged.neoforge.client.event.EntityRenderersEvent$AddLayers to a broken mod state
[08Feb2026 18:25:01.157] [Render thread/INFO] [net.minecraft.client.renderer.texture.TextureAtlas/]: Created: 512x256x0 minecraft:textures/atlas/particles.png-atlas
[08Feb2026 18:25:01.158] [Render thread/ERROR] [net.neoforged.fml.ModLoader/]: Cowardly refusing to send event net.neoforged.neoforge.client.event.TextureAtlasStitchedEvent to a broken mod state
[08Feb2026 18:25:01.158] [Render thread/INFO] [net.minecraft.client.renderer.texture.TextureAtlas/]: Created: 512x256x0 minecraft:textures/atlas/paintings.png-atlas
[08Feb2026 18:25:01.159] [Render thread/ERROR] [net.neoforged.fml.ModLoader/]: Cowardly refusing to send event net.neoforged.neoforge.client.event.TextureAtlasStitchedEvent to a broken mod state
[08Feb2026 18:25:01.159] [Render thread/INFO] [net.minecraft.client.renderer.texture.TextureAtlas/]: Created: 1024x512x0 minecraft:textures/atlas/gui.png-atlas
[08Feb2026 18:25:01.160] [Render thread/ERROR] [net.neoforged.fml.ModLoader/]: Cowardly refusing to send event net.neoforged.neoforge.client.event.TextureAtlasStitchedEvent to a broken mod state
[08Feb2026 18:25:01.676] [Render thread/ERROR] [net.minecraft.CrashReport/]: Negative index in crash report handler (0/28)
[08Feb2026 18:25:01.681] [Render thread/FATAL] [net.neoforged.neoforge.client.loading.ClientModLoader/]: Crash report saved to ./crash-reports/crash-2026-02-08_18.25.01-fml.txt
[08Feb2026 18:25:38.276] [Render thread/INFO] [net.minecraft.client.Minecraft/]: Stopping!
